<?xml version="1.0" encoding="UTF-8"?>
<testsuite xmlns:xsi="http://www.w3.org/2001/XMLSchema-instance" xsi:noNamespaceSchemaLocation="https://maven.apache.org/surefire/maven-surefire-plugin/xsd/surefire-test-report.xsd" name="com.sapient.carbooking.com.sapient.carbooking.controller.CarBookingRestControllerTest" time="2.213" tests="6" errors="0" skipped="0" failures="0">
  <properties>
    <property name="gopherProxySet" value="false"/>
    <property name="awt.toolkit" value="sun.lwawt.macosx.LWCToolkit"/>
    <property name="file.encoding.pkg" value="sun.io"/>
    <property name="java.specification.version" value="1.8"/>
    <property name="sun.cpu.isalist" value=""/>
    <property name="sun.jnu.encoding" value="UTF-8"/>
    <property name="java.class.path" value="/Users/mganapathy/Desktop/MganapathyFiles/personal/Interview-programs/Java/carbooking/target/test-classes:/Users/mganapathy/Desktop/MganapathyFiles/personal/Interview-programs/Java/carbooking/target/classes:/Users/mganapathy/Desktop⁩/MganapathyFiles⁩/Project⁩/m2/org/springframework/boot/spring-boot-starter-actuator/2.1.7.RELEASE/spring-boot-starter-actuator-2.1.7.RELEASE.jar:/Users/mganapathy/Desktop⁩/MganapathyFiles⁩/Project⁩/m2/org/springframework/boot/spring-boot-starter/2.1.7.RELEASE/spring-boot-starter-2.1.7.RELEASE.jar:/Users/mganapathy/Desktop⁩/MganapathyFiles⁩/Project⁩/m2/org/springframework/boot/spring-boot/2.1.7.RELEASE/spring-boot-2.1.7.RELEASE.jar:/Users/mganapathy/Desktop⁩/MganapathyFiles⁩/Project⁩/m2/org/springframework/boot/spring-boot-autoconfigure/2.1.7.RELEASE/spring-boot-autoconfigure-2.1.7.RELEASE.jar:/Users/mganapathy/Desktop⁩/MganapathyFiles⁩/Project⁩/m2/org/springframework/boot/spring-boot-starter-logging/2.1.7.RELEASE/spring-boot-starter-logging-2.1.7.RELEASE.jar:/Users/mganapathy/Desktop⁩/MganapathyFiles⁩/Project⁩/m2/ch/qos/logback/logback-classic/1.2.3/logback-classic-1.2.3.jar:/Users/mganapathy/Desktop⁩/MganapathyFiles⁩/Project⁩/m2/ch/qos/logback/logback-core/1.2.3/logback-core-1.2.3.jar:/Users/mganapathy/Desktop⁩/MganapathyFiles⁩/Project⁩/m2/org/apache/logging/log4j/log4j-to-slf4j/2.11.2/log4j-to-slf4j-2.11.2.jar:/Users/mganapathy/Desktop⁩/MganapathyFiles⁩/Project⁩/m2/org/apache/logging/log4j/log4j-api/2.11.2/log4j-api-2.11.2.jar:/Users/mganapathy/Desktop⁩/MganapathyFiles⁩/Project⁩/m2/org/slf4j/jul-to-slf4j/1.7.26/jul-to-slf4j-1.7.26.jar:/Users/mganapathy/Desktop⁩/MganapathyFiles⁩/Project⁩/m2/javax/annotation/javax.annotation-api/1.3.2/javax.annotation-api-1.3.2.jar:/Users/mganapathy/Desktop⁩/MganapathyFiles⁩/Project⁩/m2/org/yaml/snakeyaml/1.23/snakeyaml-1.23.jar:/Users/mganapathy/Desktop⁩/MganapathyFiles⁩/Project⁩/m2/org/springframework/boot/spring-boot-actuator-autoconfigure/2.1.7.RELEASE/spring-boot-actuator-autoconfigure-2.1.7.RELEASE.jar:/Users/mganapathy/Desktop⁩/MganapathyFiles⁩/Project⁩/m2/org/springframework/boot/spring-boot-actuator/2.1.7.RELEASE/spring-boot-actuator-2.1.7.RELEASE.jar:/Users/mganapathy/Desktop⁩/MganapathyFiles⁩/Project⁩/m2/com/fasterxml/jackson/core/jackson-databind/2.9.9/jackson-databind-2.9.9.jar:/Users/mganapathy/Desktop⁩/MganapathyFiles⁩/Project⁩/m2/com/fasterxml/jackson/core/jackson-annotations/2.9.0/jackson-annotations-2.9.0.jar:/Users/mganapathy/Desktop⁩/MganapathyFiles⁩/Project⁩/m2/com/fasterxml/jackson/core/jackson-core/2.9.9/jackson-core-2.9.9.jar:/Users/mganapathy/Desktop⁩/MganapathyFiles⁩/Project⁩/m2/org/springframework/spring-context/5.1.9.RELEASE/spring-context-5.1.9.RELEASE.jar:/Users/mganapathy/Desktop⁩/MganapathyFiles⁩/Project⁩/m2/com/fasterxml/jackson/datatype/jackson-datatype-jsr310/2.9.9/jackson-datatype-jsr310-2.9.9.jar:/Users/mganapathy/Desktop⁩/MganapathyFiles⁩/Project⁩/m2/io/micrometer/micrometer-core/1.1.5/micrometer-core-1.1.5.jar:/Users/mganapathy/Desktop⁩/MganapathyFiles⁩/Project⁩/m2/org/hdrhistogram/HdrHistogram/2.1.9/HdrHistogram-2.1.9.jar:/Users/mganapathy/Desktop⁩/MganapathyFiles⁩/Project⁩/m2/org/latencyutils/LatencyUtils/2.0.3/LatencyUtils-2.0.3.jar:/Users/mganapathy/Desktop⁩/MganapathyFiles⁩/Project⁩/m2/org/springframework/boot/spring-boot-starter-data-couchbase/2.1.7.RELEASE/spring-boot-starter-data-couchbase-2.1.7.RELEASE.jar:/Users/mganapathy/Desktop⁩/MganapathyFiles⁩/Project⁩/m2/org/springframework/data/spring-data-couchbase/3.1.10.RELEASE/spring-data-couchbase-3.1.10.RELEASE.jar:/Users/mganapathy/Desktop⁩/MganapathyFiles⁩/Project⁩/m2/org/springframework/spring-tx/5.1.9.RELEASE/spring-tx-5.1.9.RELEASE.jar:/Users/mganapathy/Desktop⁩/MganapathyFiles⁩/Project⁩/m2/org/springframework/data/spring-data-commons/2.1.10.RELEASE/spring-data-commons-2.1.10.RELEASE.jar:/Users/mganapathy/Desktop⁩/MganapathyFiles⁩/Project⁩/m2/com/couchbase/client/java-client/2.7.7/java-client-2.7.7.jar:/Users/mganapathy/Desktop⁩/MganapathyFiles⁩/Project⁩/m2/com/couchbase/client/core-io/1.7.7/core-io-1.7.7.jar:/Users/mganapathy/Desktop⁩/MganapathyFiles⁩/Project⁩/m2/io/reactivex/rxjava/1.3.8/rxjava-1.3.8.jar:/Users/mganapathy/Desktop⁩/MganapathyFiles⁩/Project⁩/m2/io/opentracing/opentracing-api/0.31.0/opentracing-api-0.31.0.jar:/Users/mganapathy/Desktop⁩/MganapathyFiles⁩/Project⁩/m2/org/slf4j/slf4j-api/1.7.26/slf4j-api-1.7.26.jar:/Users/mganapathy/Desktop⁩/MganapathyFiles⁩/Project⁩/m2/org/springframework/boot/spring-boot-starter-data-jpa/2.1.7.RELEASE/spring-boot-starter-data-jpa-2.1.7.RELEASE.jar:/Users/mganapathy/Desktop⁩/MganapathyFiles⁩/Project⁩/m2/org/springframework/boot/spring-boot-starter-aop/2.1.7.RELEASE/spring-boot-starter-aop-2.1.7.RELEASE.jar:/Users/mganapathy/Desktop⁩/MganapathyFiles⁩/Project⁩/m2/org/springframework/spring-aop/5.1.9.RELEASE/spring-aop-5.1.9.RELEASE.jar:/Users/mganapathy/Desktop⁩/MganapathyFiles⁩/Project⁩/m2/org/aspectj/aspectjweaver/1.9.4/aspectjweaver-1.9.4.jar:/Users/mganapathy/Desktop⁩/MganapathyFiles⁩/Project⁩/m2/org/springframework/boot/spring-boot-starter-jdbc/2.1.7.RELEASE/spring-boot-starter-jdbc-2.1.7.RELEASE.jar:/Users/mganapathy/Desktop⁩/MganapathyFiles⁩/Project⁩/m2/com/zaxxer/HikariCP/3.2.0/HikariCP-3.2.0.jar:/Users/mganapathy/Desktop⁩/MganapathyFiles⁩/Project⁩/m2/org/springframework/spring-jdbc/5.1.9.RELEASE/spring-jdbc-5.1.9.RELEASE.jar:/Users/mganapathy/Desktop⁩/MganapathyFiles⁩/Project⁩/m2/javax/transaction/javax.transaction-api/1.3/javax.transaction-api-1.3.jar:/Users/mganapathy/Desktop⁩/MganapathyFiles⁩/Project⁩/m2/javax/xml/bind/jaxb-api/2.3.1/jaxb-api-2.3.1.jar:/Users/mganapathy/Desktop⁩/MganapathyFiles⁩/Project⁩/m2/javax/activation/javax.activation-api/1.2.0/javax.activation-api-1.2.0.jar:/Users/mganapathy/Desktop⁩/MganapathyFiles⁩/Project⁩/m2/org/hibernate/hibernate-core/5.3.10.Final/hibernate-core-5.3.10.Final.jar:/Users/mganapathy/Desktop⁩/MganapathyFiles⁩/Project⁩/m2/org/jboss/logging/jboss-logging/3.3.2.Final/jboss-logging-3.3.2.Final.jar:/Users/mganapathy/Desktop⁩/MganapathyFiles⁩/Project⁩/m2/javax/persistence/javax.persistence-api/2.2/javax.persistence-api-2.2.jar:/Users/mganapathy/Desktop⁩/MganapathyFiles⁩/Project⁩/m2/org/javassist/javassist/3.23.2-GA/javassist-3.23.2-GA.jar:/Users/mganapathy/Desktop⁩/MganapathyFiles⁩/Project⁩/m2/net/bytebuddy/byte-buddy/1.9.16/byte-buddy-1.9.16.jar:/Users/mganapathy/Desktop⁩/MganapathyFiles⁩/Project⁩/m2/antlr/antlr/2.7.7/antlr-2.7.7.jar:/Users/mganapathy/Desktop⁩/MganapathyFiles⁩/Project⁩/m2/org/jboss/jandex/2.0.5.Final/jandex-2.0.5.Final.jar:/Users/mganapathy/Desktop⁩/MganapathyFiles⁩/Project⁩/m2/com/fasterxml/classmate/1.4.0/classmate-1.4.0.jar:/Users/mganapathy/Desktop⁩/MganapathyFiles⁩/Project⁩/m2/org/dom4j/dom4j/2.1.1/dom4j-2.1.1.jar:/Users/mganapathy/Desktop⁩/MganapathyFiles⁩/Project⁩/m2/org/hibernate/common/hibernate-commons-annotations/5.0.4.Final/hibernate-commons-annotations-5.0.4.Final.jar:/Users/mganapathy/Desktop⁩/MganapathyFiles⁩/Project⁩/m2/org/springframework/data/spring-data-jpa/2.1.10.RELEASE/spring-data-jpa-2.1.10.RELEASE.jar:/Users/mganapathy/Desktop⁩/MganapathyFiles⁩/Project⁩/m2/org/springframework/spring-orm/5.1.9.RELEASE/spring-orm-5.1.9.RELEASE.jar:/Users/mganapathy/Desktop⁩/MganapathyFiles⁩/Project⁩/m2/org/springframework/spring-beans/5.1.9.RELEASE/spring-beans-5.1.9.RELEASE.jar:/Users/mganapathy/Desktop⁩/MganapathyFiles⁩/Project⁩/m2/org/springframework/spring-aspects/5.1.9.RELEASE/spring-aspects-5.1.9.RELEASE.jar:/Users/mganapathy/Desktop⁩/MganapathyFiles⁩/Project⁩/m2/javax/ws/rs/javax.ws.rs-api/2.0/javax.ws.rs-api-2.0.jar:/Users/mganapathy/Desktop⁩/MganapathyFiles⁩/Project⁩/m2/org/springframework/boot/spring-boot-starter-hateoas/2.1.7.RELEASE/spring-boot-starter-hateoas-2.1.7.RELEASE.jar:/Users/mganapathy/Desktop⁩/MganapathyFiles⁩/Project⁩/m2/org/springframework/hateoas/spring-hateoas/0.25.2.RELEASE/spring-hateoas-0.25.2.RELEASE.jar:/Users/mganapathy/Desktop⁩/MganapathyFiles⁩/Project⁩/m2/org/springframework/plugin/spring-plugin-core/1.2.0.RELEASE/spring-plugin-core-1.2.0.RELEASE.jar:/Users/mganapathy/Desktop⁩/MganapathyFiles⁩/Project⁩/m2/org/springframework/boot/spring-boot-starter-web/2.1.7.RELEASE/spring-boot-starter-web-2.1.7.RELEASE.jar:/Users/mganapathy/Desktop⁩/MganapathyFiles⁩/Project⁩/m2/org/springframework/boot/spring-boot-starter-json/2.1.7.RELEASE/spring-boot-starter-json-2.1.7.RELEASE.jar:/Users/mganapathy/Desktop⁩/MganapathyFiles⁩/Project⁩/m2/com/fasterxml/jackson/datatype/jackson-datatype-jdk8/2.9.9/jackson-datatype-jdk8-2.9.9.jar:/Users/mganapathy/Desktop⁩/MganapathyFiles⁩/Project⁩/m2/com/fasterxml/jackson/module/jackson-module-parameter-names/2.9.9/jackson-module-parameter-names-2.9.9.jar:/Users/mganapathy/Desktop⁩/MganapathyFiles⁩/Project⁩/m2/org/springframework/boot/spring-boot-starter-tomcat/2.1.7.RELEASE/spring-boot-starter-tomcat-2.1.7.RELEASE.jar:/Users/mganapathy/Desktop⁩/MganapathyFiles⁩/Project⁩/m2/org/apache/tomcat/embed/tomcat-embed-core/9.0.22/tomcat-embed-core-9.0.22.jar:/Users/mganapathy/Desktop⁩/MganapathyFiles⁩/Project⁩/m2/org/apache/tomcat/embed/tomcat-embed-el/9.0.22/tomcat-embed-el-9.0.22.jar:/Users/mganapathy/Desktop⁩/MganapathyFiles⁩/Project⁩/m2/org/apache/tomcat/embed/tomcat-embed-websocket/9.0.22/tomcat-embed-websocket-9.0.22.jar:/Users/mganapathy/Desktop⁩/MganapathyFiles⁩/Project⁩/m2/org/hibernate/validator/hibernate-validator/6.0.17.Final/hibernate-validator-6.0.17.Final.jar:/Users/mganapathy/Desktop⁩/MganapathyFiles⁩/Project⁩/m2/javax/validation/validation-api/2.0.1.Final/validation-api-2.0.1.Final.jar:/Users/mganapathy/Desktop⁩/MganapathyFiles⁩/Project⁩/m2/org/springframework/spring-web/5.1.9.RELEASE/spring-web-5.1.9.RELEASE.jar:/Users/mganapathy/Desktop⁩/MganapathyFiles⁩/Project⁩/m2/org/springframework/spring-webmvc/5.1.9.RELEASE/spring-webmvc-5.1.9.RELEASE.jar:/Users/mganapathy/Desktop⁩/MganapathyFiles⁩/Project⁩/m2/org/springframework/spring-expression/5.1.9.RELEASE/spring-expression-5.1.9.RELEASE.jar:/Users/mganapathy/Desktop⁩/MganapathyFiles⁩/Project⁩/m2/com/h2database/h2/1.4.199/h2-1.4.199.jar:/Users/mganapathy/Desktop⁩/MganapathyFiles⁩/Project⁩/m2/org/springframework/boot/spring-boot-starter-test/2.1.7.RELEASE/spring-boot-starter-test-2.1.7.RELEASE.jar:/Users/mganapathy/Desktop⁩/MganapathyFiles⁩/Project⁩/m2/org/springframework/boot/spring-boot-test/2.1.7.RELEASE/spring-boot-test-2.1.7.RELEASE.jar:/Users/mganapathy/Desktop⁩/MganapathyFiles⁩/Project⁩/m2/org/springframework/boot/spring-boot-test-autoconfigure/2.1.7.RELEASE/spring-boot-test-autoconfigure-2.1.7.RELEASE.jar:/Users/mganapathy/Desktop⁩/MganapathyFiles⁩/Project⁩/m2/com/jayway/jsonpath/json-path/2.4.0/json-path-2.4.0.jar:/Users/mganapathy/Desktop⁩/MganapathyFiles⁩/Project⁩/m2/net/minidev/json-smart/2.3/json-smart-2.3.jar:/Users/mganapathy/Desktop⁩/MganapathyFiles⁩/Project⁩/m2/net/minidev/accessors-smart/1.2/accessors-smart-1.2.jar:/Users/mganapathy/Desktop⁩/MganapathyFiles⁩/Project⁩/m2/org/ow2/asm/asm/5.0.4/asm-5.0.4.jar:/Users/mganapathy/Desktop⁩/MganapathyFiles⁩/Project⁩/m2/junit/junit/4.12/junit-4.12.jar:/Users/mganapathy/Desktop⁩/MganapathyFiles⁩/Project⁩/m2/org/assertj/assertj-core/3.11.1/assertj-core-3.11.1.jar:/Users/mganapathy/Desktop⁩/MganapathyFiles⁩/Project⁩/m2/org/mockito/mockito-core/2.23.4/mockito-core-2.23.4.jar:/Users/mganapathy/Desktop⁩/MganapathyFiles⁩/Project⁩/m2/net/bytebuddy/byte-buddy-agent/1.9.16/byte-buddy-agent-1.9.16.jar:/Users/mganapathy/Desktop⁩/MganapathyFiles⁩/Project⁩/m2/org/objenesis/objenesis/2.6/objenesis-2.6.jar:/Users/mganapathy/Desktop⁩/MganapathyFiles⁩/Project⁩/m2/org/hamcrest/hamcrest-core/1.3/hamcrest-core-1.3.jar:/Users/mganapathy/Desktop⁩/MganapathyFiles⁩/Project⁩/m2/org/hamcrest/hamcrest-library/1.3/hamcrest-library-1.3.jar:/Users/mganapathy/Desktop⁩/MganapathyFiles⁩/Project⁩/m2/org/skyscreamer/jsonassert/1.5.0/jsonassert-1.5.0.jar:/Users/mganapathy/Desktop⁩/MganapathyFiles⁩/Project⁩/m2/com/vaadin/external/google/android-json/0.0.20131108.vaadin1/android-json-0.0.20131108.vaadin1.jar:/Users/mganapathy/Desktop⁩/MganapathyFiles⁩/Project⁩/m2/org/springframework/spring-core/5.1.9.RELEASE/spring-core-5.1.9.RELEASE.jar:/Users/mganapathy/Desktop⁩/MganapathyFiles⁩/Project⁩/m2/org/springframework/spring-jcl/5.1.9.RELEASE/spring-jcl-5.1.9.RELEASE.jar:/Users/mganapathy/Desktop⁩/MganapathyFiles⁩/Project⁩/m2/org/springframework/spring-test/5.1.9.RELEASE/spring-test-5.1.9.RELEASE.jar:/Users/mganapathy/Desktop⁩/MganapathyFiles⁩/Project⁩/m2/org/xmlunit/xmlunit-core/2.6.3/xmlunit-core-2.6.3.jar:/Users/mganapathy/Desktop⁩/MganapathyFiles⁩/Project⁩/m2/org/projectlombok/lombok/1.18.8/lombok-1.18.8.jar:"/>
    <property name="java.vm.vendor" value="Oracle Corporation"/>
    <property name="sun.arch.data.model" value="64"/>
    <property name="java.vendor.url" value="http://java.oracle.com/"/>
    <property name="user.timezone" value=""/>
    <property name="user.country.format" value="IN"/>
    <property name="java.vm.specification.version" value="1.8"/>
    <property name="os.name" value="Mac OS X"/>
    <property name="user.country" value="GB"/>
    <property name="sun.java.launcher" value="SUN_STANDARD"/>
    <property name="sun.boot.library.path" value="/Library/Java/JavaVirtualMachines/jdk1.8.0_201.jdk/Contents/Home/jre/lib"/>
    <property name="sun.java.command" value="/Users/mganapathy/Desktop/MganapathyFiles/personal/Interview-programs/Java/carbooking/target/surefire/surefirebooter6559285760072339958.jar /Users/mganapathy/Desktop/MganapathyFiles/personal/Interview-programs/Java/carbooking/target/surefire 2019-08-27T16-45-01_892-jvmRun1 surefire3114725895846610807tmp surefire_02787979567140009508tmp"/>
    <property name="surefire.test.class.path" value="/Users/mganapathy/Desktop/MganapathyFiles/personal/Interview-programs/Java/carbooking/target/test-classes:/Users/mganapathy/Desktop/MganapathyFiles/personal/Interview-programs/Java/carbooking/target/classes:/Users/mganapathy/Desktop⁩/MganapathyFiles⁩/Project⁩/m2/org/springframework/boot/spring-boot-starter-actuator/2.1.7.RELEASE/spring-boot-starter-actuator-2.1.7.RELEASE.jar:/Users/mganapathy/Desktop⁩/MganapathyFiles⁩/Project⁩/m2/org/springframework/boot/spring-boot-starter/2.1.7.RELEASE/spring-boot-starter-2.1.7.RELEASE.jar:/Users/mganapathy/Desktop⁩/MganapathyFiles⁩/Project⁩/m2/org/springframework/boot/spring-boot/2.1.7.RELEASE/spring-boot-2.1.7.RELEASE.jar:/Users/mganapathy/Desktop⁩/MganapathyFiles⁩/Project⁩/m2/org/springframework/boot/spring-boot-autoconfigure/2.1.7.RELEASE/spring-boot-autoconfigure-2.1.7.RELEASE.jar:/Users/mganapathy/Desktop⁩/MganapathyFiles⁩/Project⁩/m2/org/springframework/boot/spring-boot-starter-logging/2.1.7.RELEASE/spring-boot-starter-logging-2.1.7.RELEASE.jar:/Users/mganapathy/Desktop⁩/MganapathyFiles⁩/Project⁩/m2/ch/qos/logback/logback-classic/1.2.3/logback-classic-1.2.3.jar:/Users/mganapathy/Desktop⁩/MganapathyFiles⁩/Project⁩/m2/ch/qos/logback/logback-core/1.2.3/logback-core-1.2.3.jar:/Users/mganapathy/Desktop⁩/MganapathyFiles⁩/Project⁩/m2/org/apache/logging/log4j/log4j-to-slf4j/2.11.2/log4j-to-slf4j-2.11.2.jar:/Users/mganapathy/Desktop⁩/MganapathyFiles⁩/Project⁩/m2/org/apache/logging/log4j/log4j-api/2.11.2/log4j-api-2.11.2.jar:/Users/mganapathy/Desktop⁩/MganapathyFiles⁩/Project⁩/m2/org/slf4j/jul-to-slf4j/1.7.26/jul-to-slf4j-1.7.26.jar:/Users/mganapathy/Desktop⁩/MganapathyFiles⁩/Project⁩/m2/javax/annotation/javax.annotation-api/1.3.2/javax.annotation-api-1.3.2.jar:/Users/mganapathy/Desktop⁩/MganapathyFiles⁩/Project⁩/m2/org/yaml/snakeyaml/1.23/snakeyaml-1.23.jar:/Users/mganapathy/Desktop⁩/MganapathyFiles⁩/Project⁩/m2/org/springframework/boot/spring-boot-actuator-autoconfigure/2.1.7.RELEASE/spring-boot-actuator-autoconfigure-2.1.7.RELEASE.jar:/Users/mganapathy/Desktop⁩/MganapathyFiles⁩/Project⁩/m2/org/springframework/boot/spring-boot-actuator/2.1.7.RELEASE/spring-boot-actuator-2.1.7.RELEASE.jar:/Users/mganapathy/Desktop⁩/MganapathyFiles⁩/Project⁩/m2/com/fasterxml/jackson/core/jackson-databind/2.9.9/jackson-databind-2.9.9.jar:/Users/mganapathy/Desktop⁩/MganapathyFiles⁩/Project⁩/m2/com/fasterxml/jackson/core/jackson-annotations/2.9.0/jackson-annotations-2.9.0.jar:/Users/mganapathy/Desktop⁩/MganapathyFiles⁩/Project⁩/m2/com/fasterxml/jackson/core/jackson-core/2.9.9/jackson-core-2.9.9.jar:/Users/mganapathy/Desktop⁩/MganapathyFiles⁩/Project⁩/m2/org/springframework/spring-context/5.1.9.RELEASE/spring-context-5.1.9.RELEASE.jar:/Users/mganapathy/Desktop⁩/MganapathyFiles⁩/Project⁩/m2/com/fasterxml/jackson/datatype/jackson-datatype-jsr310/2.9.9/jackson-datatype-jsr310-2.9.9.jar:/Users/mganapathy/Desktop⁩/MganapathyFiles⁩/Project⁩/m2/io/micrometer/micrometer-core/1.1.5/micrometer-core-1.1.5.jar:/Users/mganapathy/Desktop⁩/MganapathyFiles⁩/Project⁩/m2/org/hdrhistogram/HdrHistogram/2.1.9/HdrHistogram-2.1.9.jar:/Users/mganapathy/Desktop⁩/MganapathyFiles⁩/Project⁩/m2/org/latencyutils/LatencyUtils/2.0.3/LatencyUtils-2.0.3.jar:/Users/mganapathy/Desktop⁩/MganapathyFiles⁩/Project⁩/m2/org/springframework/boot/spring-boot-starter-data-couchbase/2.1.7.RELEASE/spring-boot-starter-data-couchbase-2.1.7.RELEASE.jar:/Users/mganapathy/Desktop⁩/MganapathyFiles⁩/Project⁩/m2/org/springframework/data/spring-data-couchbase/3.1.10.RELEASE/spring-data-couchbase-3.1.10.RELEASE.jar:/Users/mganapathy/Desktop⁩/MganapathyFiles⁩/Project⁩/m2/org/springframework/spring-tx/5.1.9.RELEASE/spring-tx-5.1.9.RELEASE.jar:/Users/mganapathy/Desktop⁩/MganapathyFiles⁩/Project⁩/m2/org/springframework/data/spring-data-commons/2.1.10.RELEASE/spring-data-commons-2.1.10.RELEASE.jar:/Users/mganapathy/Desktop⁩/MganapathyFiles⁩/Project⁩/m2/com/couchbase/client/java-client/2.7.7/java-client-2.7.7.jar:/Users/mganapathy/Desktop⁩/MganapathyFiles⁩/Project⁩/m2/com/couchbase/client/core-io/1.7.7/core-io-1.7.7.jar:/Users/mganapathy/Desktop⁩/MganapathyFiles⁩/Project⁩/m2/io/reactivex/rxjava/1.3.8/rxjava-1.3.8.jar:/Users/mganapathy/Desktop⁩/MganapathyFiles⁩/Project⁩/m2/io/opentracing/opentracing-api/0.31.0/opentracing-api-0.31.0.jar:/Users/mganapathy/Desktop⁩/MganapathyFiles⁩/Project⁩/m2/org/slf4j/slf4j-api/1.7.26/slf4j-api-1.7.26.jar:/Users/mganapathy/Desktop⁩/MganapathyFiles⁩/Project⁩/m2/org/springframework/boot/spring-boot-starter-data-jpa/2.1.7.RELEASE/spring-boot-starter-data-jpa-2.1.7.RELEASE.jar:/Users/mganapathy/Desktop⁩/MganapathyFiles⁩/Project⁩/m2/org/springframework/boot/spring-boot-starter-aop/2.1.7.RELEASE/spring-boot-starter-aop-2.1.7.RELEASE.jar:/Users/mganapathy/Desktop⁩/MganapathyFiles⁩/Project⁩/m2/org/springframework/spring-aop/5.1.9.RELEASE/spring-aop-5.1.9.RELEASE.jar:/Users/mganapathy/Desktop⁩/MganapathyFiles⁩/Project⁩/m2/org/aspectj/aspectjweaver/1.9.4/aspectjweaver-1.9.4.jar:/Users/mganapathy/Desktop⁩/MganapathyFiles⁩/Project⁩/m2/org/springframework/boot/spring-boot-starter-jdbc/2.1.7.RELEASE/spring-boot-starter-jdbc-2.1.7.RELEASE.jar:/Users/mganapathy/Desktop⁩/MganapathyFiles⁩/Project⁩/m2/com/zaxxer/HikariCP/3.2.0/HikariCP-3.2.0.jar:/Users/mganapathy/Desktop⁩/MganapathyFiles⁩/Project⁩/m2/org/springframework/spring-jdbc/5.1.9.RELEASE/spring-jdbc-5.1.9.RELEASE.jar:/Users/mganapathy/Desktop⁩/MganapathyFiles⁩/Project⁩/m2/javax/transaction/javax.transaction-api/1.3/javax.transaction-api-1.3.jar:/Users/mganapathy/Desktop⁩/MganapathyFiles⁩/Project⁩/m2/javax/xml/bind/jaxb-api/2.3.1/jaxb-api-2.3.1.jar:/Users/mganapathy/Desktop⁩/MganapathyFiles⁩/Project⁩/m2/javax/activation/javax.activation-api/1.2.0/javax.activation-api-1.2.0.jar:/Users/mganapathy/Desktop⁩/MganapathyFiles⁩/Project⁩/m2/org/hibernate/hibernate-core/5.3.10.Final/hibernate-core-5.3.10.Final.jar:/Users/mganapathy/Desktop⁩/MganapathyFiles⁩/Project⁩/m2/org/jboss/logging/jboss-logging/3.3.2.Final/jboss-logging-3.3.2.Final.jar:/Users/mganapathy/Desktop⁩/MganapathyFiles⁩/Project⁩/m2/javax/persistence/javax.persistence-api/2.2/javax.persistence-api-2.2.jar:/Users/mganapathy/Desktop⁩/MganapathyFiles⁩/Project⁩/m2/org/javassist/javassist/3.23.2-GA/javassist-3.23.2-GA.jar:/Users/mganapathy/Desktop⁩/MganapathyFiles⁩/Project⁩/m2/net/bytebuddy/byte-buddy/1.9.16/byte-buddy-1.9.16.jar:/Users/mganapathy/Desktop⁩/MganapathyFiles⁩/Project⁩/m2/antlr/antlr/2.7.7/antlr-2.7.7.jar:/Users/mganapathy/Desktop⁩/MganapathyFiles⁩/Project⁩/m2/org/jboss/jandex/2.0.5.Final/jandex-2.0.5.Final.jar:/Users/mganapathy/Desktop⁩/MganapathyFiles⁩/Project⁩/m2/com/fasterxml/classmate/1.4.0/classmate-1.4.0.jar:/Users/mganapathy/Desktop⁩/MganapathyFiles⁩/Project⁩/m2/org/dom4j/dom4j/2.1.1/dom4j-2.1.1.jar:/Users/mganapathy/Desktop⁩/MganapathyFiles⁩/Project⁩/m2/org/hibernate/common/hibernate-commons-annotations/5.0.4.Final/hibernate-commons-annotations-5.0.4.Final.jar:/Users/mganapathy/Desktop⁩/MganapathyFiles⁩/Project⁩/m2/org/springframework/data/spring-data-jpa/2.1.10.RELEASE/spring-data-jpa-2.1.10.RELEASE.jar:/Users/mganapathy/Desktop⁩/MganapathyFiles⁩/Project⁩/m2/org/springframework/spring-orm/5.1.9.RELEASE/spring-orm-5.1.9.RELEASE.jar:/Users/mganapathy/Desktop⁩/MganapathyFiles⁩/Project⁩/m2/org/springframework/spring-beans/5.1.9.RELEASE/spring-beans-5.1.9.RELEASE.jar:/Users/mganapathy/Desktop⁩/MganapathyFiles⁩/Project⁩/m2/org/springframework/spring-aspects/5.1.9.RELEASE/spring-aspects-5.1.9.RELEASE.jar:/Users/mganapathy/Desktop⁩/MganapathyFiles⁩/Project⁩/m2/javax/ws/rs/javax.ws.rs-api/2.0/javax.ws.rs-api-2.0.jar:/Users/mganapathy/Desktop⁩/MganapathyFiles⁩/Project⁩/m2/org/springframework/boot/spring-boot-starter-hateoas/2.1.7.RELEASE/spring-boot-starter-hateoas-2.1.7.RELEASE.jar:/Users/mganapathy/Desktop⁩/MganapathyFiles⁩/Project⁩/m2/org/springframework/hateoas/spring-hateoas/0.25.2.RELEASE/spring-hateoas-0.25.2.RELEASE.jar:/Users/mganapathy/Desktop⁩/MganapathyFiles⁩/Project⁩/m2/org/springframework/plugin/spring-plugin-core/1.2.0.RELEASE/spring-plugin-core-1.2.0.RELEASE.jar:/Users/mganapathy/Desktop⁩/MganapathyFiles⁩/Project⁩/m2/org/springframework/boot/spring-boot-starter-web/2.1.7.RELEASE/spring-boot-starter-web-2.1.7.RELEASE.jar:/Users/mganapathy/Desktop⁩/MganapathyFiles⁩/Project⁩/m2/org/springframework/boot/spring-boot-starter-json/2.1.7.RELEASE/spring-boot-starter-json-2.1.7.RELEASE.jar:/Users/mganapathy/Desktop⁩/MganapathyFiles⁩/Project⁩/m2/com/fasterxml/jackson/datatype/jackson-datatype-jdk8/2.9.9/jackson-datatype-jdk8-2.9.9.jar:/Users/mganapathy/Desktop⁩/MganapathyFiles⁩/Project⁩/m2/com/fasterxml/jackson/module/jackson-module-parameter-names/2.9.9/jackson-module-parameter-names-2.9.9.jar:/Users/mganapathy/Desktop⁩/MganapathyFiles⁩/Project⁩/m2/org/springframework/boot/spring-boot-starter-tomcat/2.1.7.RELEASE/spring-boot-starter-tomcat-2.1.7.RELEASE.jar:/Users/mganapathy/Desktop⁩/MganapathyFiles⁩/Project⁩/m2/org/apache/tomcat/embed/tomcat-embed-core/9.0.22/tomcat-embed-core-9.0.22.jar:/Users/mganapathy/Desktop⁩/MganapathyFiles⁩/Project⁩/m2/org/apache/tomcat/embed/tomcat-embed-el/9.0.22/tomcat-embed-el-9.0.22.jar:/Users/mganapathy/Desktop⁩/MganapathyFiles⁩/Project⁩/m2/org/apache/tomcat/embed/tomcat-embed-websocket/9.0.22/tomcat-embed-websocket-9.0.22.jar:/Users/mganapathy/Desktop⁩/MganapathyFiles⁩/Project⁩/m2/org/hibernate/validator/hibernate-validator/6.0.17.Final/hibernate-validator-6.0.17.Final.jar:/Users/mganapathy/Desktop⁩/MganapathyFiles⁩/Project⁩/m2/javax/validation/validation-api/2.0.1.Final/validation-api-2.0.1.Final.jar:/Users/mganapathy/Desktop⁩/MganapathyFiles⁩/Project⁩/m2/org/springframework/spring-web/5.1.9.RELEASE/spring-web-5.1.9.RELEASE.jar:/Users/mganapathy/Desktop⁩/MganapathyFiles⁩/Project⁩/m2/org/springframework/spring-webmvc/5.1.9.RELEASE/spring-webmvc-5.1.9.RELEASE.jar:/Users/mganapathy/Desktop⁩/MganapathyFiles⁩/Project⁩/m2/org/springframework/spring-expression/5.1.9.RELEASE/spring-expression-5.1.9.RELEASE.jar:/Users/mganapathy/Desktop⁩/MganapathyFiles⁩/Project⁩/m2/com/h2database/h2/1.4.199/h2-1.4.199.jar:/Users/mganapathy/Desktop⁩/MganapathyFiles⁩/Project⁩/m2/org/springframework/boot/spring-boot-starter-test/2.1.7.RELEASE/spring-boot-starter-test-2.1.7.RELEASE.jar:/Users/mganapathy/Desktop⁩/MganapathyFiles⁩/Project⁩/m2/org/springframework/boot/spring-boot-test/2.1.7.RELEASE/spring-boot-test-2.1.7.RELEASE.jar:/Users/mganapathy/Desktop⁩/MganapathyFiles⁩/Project⁩/m2/org/springframework/boot/spring-boot-test-autoconfigure/2.1.7.RELEASE/spring-boot-test-autoconfigure-2.1.7.RELEASE.jar:/Users/mganapathy/Desktop⁩/MganapathyFiles⁩/Project⁩/m2/com/jayway/jsonpath/json-path/2.4.0/json-path-2.4.0.jar:/Users/mganapathy/Desktop⁩/MganapathyFiles⁩/Project⁩/m2/net/minidev/json-smart/2.3/json-smart-2.3.jar:/Users/mganapathy/Desktop⁩/MganapathyFiles⁩/Project⁩/m2/net/minidev/accessors-smart/1.2/accessors-smart-1.2.jar:/Users/mganapathy/Desktop⁩/MganapathyFiles⁩/Project⁩/m2/org/ow2/asm/asm/5.0.4/asm-5.0.4.jar:/Users/mganapathy/Desktop⁩/MganapathyFiles⁩/Project⁩/m2/junit/junit/4.12/junit-4.12.jar:/Users/mganapathy/Desktop⁩/MganapathyFiles⁩/Project⁩/m2/org/assertj/assertj-core/3.11.1/assertj-core-3.11.1.jar:/Users/mganapathy/Desktop⁩/MganapathyFiles⁩/Project⁩/m2/org/mockito/mockito-core/2.23.4/mockito-core-2.23.4.jar:/Users/mganapathy/Desktop⁩/MganapathyFiles⁩/Project⁩/m2/net/bytebuddy/byte-buddy-agent/1.9.16/byte-buddy-agent-1.9.16.jar:/Users/mganapathy/Desktop⁩/MganapathyFiles⁩/Project⁩/m2/org/objenesis/objenesis/2.6/objenesis-2.6.jar:/Users/mganapathy/Desktop⁩/MganapathyFiles⁩/Project⁩/m2/org/hamcrest/hamcrest-core/1.3/hamcrest-core-1.3.jar:/Users/mganapathy/Desktop⁩/MganapathyFiles⁩/Project⁩/m2/org/hamcrest/hamcrest-library/1.3/hamcrest-library-1.3.jar:/Users/mganapathy/Desktop⁩/MganapathyFiles⁩/Project⁩/m2/org/skyscreamer/jsonassert/1.5.0/jsonassert-1.5.0.jar:/Users/mganapathy/Desktop⁩/MganapathyFiles⁩/Project⁩/m2/com/vaadin/external/google/android-json/0.0.20131108.vaadin1/android-json-0.0.20131108.vaadin1.jar:/Users/mganapathy/Desktop⁩/MganapathyFiles⁩/Project⁩/m2/org/springframework/spring-core/5.1.9.RELEASE/spring-core-5.1.9.RELEASE.jar:/Users/mganapathy/Desktop⁩/MganapathyFiles⁩/Project⁩/m2/org/springframework/spring-jcl/5.1.9.RELEASE/spring-jcl-5.1.9.RELEASE.jar:/Users/mganapathy/Desktop⁩/MganapathyFiles⁩/Project⁩/m2/org/springframework/spring-test/5.1.9.RELEASE/spring-test-5.1.9.RELEASE.jar:/Users/mganapathy/Desktop⁩/MganapathyFiles⁩/Project⁩/m2/org/xmlunit/xmlunit-core/2.6.3/xmlunit-core-2.6.3.jar:/Users/mganapathy/Desktop⁩/MganapathyFiles⁩/Project⁩/m2/org/projectlombok/lombok/1.18.8/lombok-1.18.8.jar:"/>
    <property name="sun.cpu.endian" value="little"/>
    <property name="user.home" value="/Users/mganapathy"/>
    <property name="user.language" value="en"/>
    <property name="java.specification.vendor" value="Oracle Corporation"/>
    <property name="java.home" value="/Library/Java/JavaVirtualMachines/jdk1.8.0_201.jdk/Contents/Home/jre"/>
    <property name="basedir" value="/Users/mganapathy/Desktop/MganapathyFiles/personal/Interview-programs/Java/carbooking"/>
    <property name="file.separator" value="/"/>
    <property name="line.separator" value="&#10;"/>
    <property name="java.vm.specification.vendor" value="Oracle Corporation"/>
    <property name="java.specification.name" value="Java Platform API Specification"/>
    <property name="java.awt.graphicsenv" value="sun.awt.CGraphicsEnvironment"/>
    <property name="surefire.real.class.path" value="/Users/mganapathy/Desktop/MganapathyFiles/personal/Interview-programs/Java/carbooking/target/surefire/surefirebooter6559285760072339958.jar"/>
    <property name="sun.boot.class.path" value="/Library/Java/JavaVirtualMachines/jdk1.8.0_201.jdk/Contents/Home/jre/lib/resources.jar:/Library/Java/JavaVirtualMachines/jdk1.8.0_201.jdk/Contents/Home/jre/lib/rt.jar:/Library/Java/JavaVirtualMachines/jdk1.8.0_201.jdk/Contents/Home/jre/lib/sunrsasign.jar:/Library/Java/JavaVirtualMachines/jdk1.8.0_201.jdk/Contents/Home/jre/lib/jsse.jar:/Library/Java/JavaVirtualMachines/jdk1.8.0_201.jdk/Contents/Home/jre/lib/jce.jar:/Library/Java/JavaVirtualMachines/jdk1.8.0_201.jdk/Contents/Home/jre/lib/charsets.jar:/Library/Java/JavaVirtualMachines/jdk1.8.0_201.jdk/Contents/Home/jre/lib/jfr.jar:/Library/Java/JavaVirtualMachines/jdk1.8.0_201.jdk/Contents/Home/jre/classes"/>
    <property name="sun.management.compiler" value="HotSpot 64-Bit Tiered Compilers"/>
    <property name="java.runtime.version" value="1.8.0_201-b09"/>
    <property name="user.name" value="mganapathy"/>
    <property name="path.separator" value=":"/>
    <property name="os.version" value="10.14.6"/>
    <property name="java.endorsed.dirs" value="/Library/Java/JavaVirtualMachines/jdk1.8.0_201.jdk/Contents/Home/jre/lib/endorsed"/>
    <property name="java.runtime.name" value="Java(TM) SE Runtime Environment"/>
    <property name="file.encoding" value="UTF-8"/>
    <property name="java.vm.name" value="Java HotSpot(TM) 64-Bit Server VM"/>
    <property name="localRepository" value="/Users/mganapathy/Desktop⁩/MganapathyFiles⁩/Project⁩/m2"/>
    <property name="java.vendor.url.bug" value="http://bugreport.sun.com/bugreport/"/>
    <property name="java.io.tmpdir" value="/var/folders/bc/1wylv7b92hs72yl8bp_wptmc38x3j9/T/"/>
    <property name="java.version" value="1.8.0_201"/>
    <property name="user.dir" value="/Users/mganapathy/Desktop/MganapathyFiles/personal/Interview-programs/Java/carbooking"/>
    <property name="os.arch" value="x86_64"/>
    <property name="java.vm.specification.name" value="Java Virtual Machine Specification"/>
    <property name="java.awt.printerjob" value="sun.lwawt.macosx.CPrinterJob"/>
    <property name="sun.os.patch.level" value="unknown"/>
    <property name="java.library.path" value="/Users/mganapathy/Library/Java/Extensions:/Library/Java/Extensions:/Network/Library/Java/Extensions:/System/Library/Java/Extensions:/usr/lib/java:."/>
    <property name="java.vm.info" value="mixed mode"/>
    <property name="java.vendor" value="Oracle Corporation"/>
    <property name="java.vm.version" value="25.201-b09"/>
    <property name="java.ext.dirs" value="/Users/mganapathy/Library/Java/Extensions:/Library/Java/JavaVirtualMachines/jdk1.8.0_201.jdk/Contents/Home/jre/lib/ext:/Library/Java/Extensions:/Network/Library/Java/Extensions:/System/Library/Java/Extensions:/usr/lib/java"/>
    <property name="sun.io.unicode.encoding" value="UnicodeBig"/>
    <property name="java.class.version" value="52.0"/>
  </properties>
  <testcase name="getAllUserDetails" classname="com.sapient.carbooking.com.sapient.carbooking.controller.CarBookingRestControllerTest" time="0.203"/>
  <testcase name="deleteByUserNameWithException" classname="com.sapient.carbooking.com.sapient.carbooking.controller.CarBookingRestControllerTest" time="0.073"/>
  <testcase name="contextLoads" classname="com.sapient.carbooking.com.sapient.carbooking.controller.CarBookingRestControllerTest" time="0.002"/>
  <testcase name="deleteByUserNameWithSuccess" classname="com.sapient.carbooking.com.sapient.carbooking.controller.CarBookingRestControllerTest" time="0.026"/>
  <testcase name="CreateUserDetails" classname="com.sapient.carbooking.com.sapient.carbooking.controller.CarBookingRestControllerTest" time="0.049"/>
  <testcase name="getByUserName" classname="com.sapient.carbooking.com.sapient.carbooking.controller.CarBookingRestControllerTest" time="0.009"/>
</testsuite>